  Game.cpp
A:\Visual Studio projects\Game Programming Assignment 2\Game Programming Assignment 2\Components.h(28,18): warning C4244: 'argument': conversion from 'float' to 'size_t', possible loss of data
A:\Visual Studio projects\Game Programming Assignment 2\Game Programming Assignment 2\Game.cpp(64,27): warning C4244: '=': conversion from 'int' to 'float', possible loss of data
A:\Visual Studio projects\Game Programming Assignment 2\Game Programming Assignment 2\Game.cpp(80,29): warning C4244: '=': conversion from 'int' to 'float', possible loss of data
A:\Visual Studio projects\Game Programming Assignment 2\Game Programming Assignment 2\Game.cpp(81,29): warning C4244: '=': conversion from 'int' to 'float', possible loss of data
A:\Visual Studio projects\Game Programming Assignment 2\Game Programming Assignment 2\Game.cpp(97,27): warning C4244: '=': conversion from 'int' to 'float', possible loss of data
A:\Visual Studio projects\Game Programming Assignment 2\Game Programming Assignment 2\Game.cpp(341,71): warning C4244: 'argument': conversion from 'int' to 'float', possible loss of data
A:\Visual Studio projects\Game Programming Assignment 2\Game Programming Assignment 2\Game.cpp(341,50): warning C4244: 'argument': conversion from 'int' to 'float', possible loss of data
A:\Visual Studio projects\Game Programming Assignment 2\Game Programming Assignment 2\Game.cpp(384,44): warning C4244: 'argument': conversion from 'float' to 'sf::Uint8', possible loss of data
A:\Visual Studio projects\Game Programming Assignment 2\Game Programming Assignment 2\Game.cpp(384,41): warning C4244: 'argument': conversion from 'float' to 'sf::Uint8', possible loss of data
A:\Visual Studio projects\Game Programming Assignment 2\Game Programming Assignment 2\Game.cpp(384,38): warning C4244: 'argument': conversion from 'float' to 'sf::Uint8', possible loss of data
A:\Visual Studio projects\Game Programming Assignment 2\Game Programming Assignment 2\Game.cpp(384,35): warning C4244: 'argument': conversion from 'float' to 'sf::Uint8', possible loss of data
A:\Visual Studio projects\Game Programming Assignment 2\Game Programming Assignment 2\Game.cpp(385,49): warning C4244: 'argument': conversion from 'float' to 'sf::Uint8', possible loss of data
A:\Visual Studio projects\Game Programming Assignment 2\Game Programming Assignment 2\Game.cpp(385,45): warning C4244: 'argument': conversion from 'float' to 'sf::Uint8', possible loss of data
A:\Visual Studio projects\Game Programming Assignment 2\Game Programming Assignment 2\Game.cpp(385,41): warning C4244: 'argument': conversion from 'float' to 'sf::Uint8', possible loss of data
A:\Visual Studio projects\Game Programming Assignment 2\Game Programming Assignment 2\Game.cpp(385,37): warning C4244: 'argument': conversion from 'float' to 'sf::Uint8', possible loss of data
A:\Visual Studio projects\Game Programming Assignment 2\Game Programming Assignment 2\Game.cpp(519,11): warning C4244: 'initializing': conversion from 'int' to 'float', possible loss of data
A:\Visual Studio projects\Game Programming Assignment 2\Game Programming Assignment 2\Game.cpp(520,11): warning C4244: 'initializing': conversion from 'int' to 'float', possible loss of data
A:\Visual Studio projects\Game Programming Assignment 2\Game Programming Assignment 2\Game.cpp(522,51): warning C4244: 'argument': conversion from 'float' to 'int', possible loss of data
A:\Visual Studio projects\Game Programming Assignment 2\Game Programming Assignment 2\Game.cpp(522,31): warning C4244: 'argument': conversion from 'float' to 'int', possible loss of data
A:\Visual Studio projects\Game Programming Assignment 2\Game Programming Assignment 2\Game.cpp(522,11): warning C4244: 'initializing': conversion from 'int' to 'float', possible loss of data
A:\Visual Studio projects\Game Programming Assignment 2\Game Programming Assignment 2\Game.cpp(523,51): warning C4244: 'argument': conversion from 'float' to 'int', possible loss of data
A:\Visual Studio projects\Game Programming Assignment 2\Game Programming Assignment 2\Game.cpp(523,31): warning C4244: 'argument': conversion from 'float' to 'int', possible loss of data
A:\Visual Studio projects\Game Programming Assignment 2\Game Programming Assignment 2\Game.cpp(523,11): warning C4244: 'initializing': conversion from 'int' to 'float', possible loss of data
A:\Visual Studio projects\Game Programming Assignment 2\Game Programming Assignment 2\Game.cpp(547,15): warning C4267: 'initializing': conversion from 'size_t' to 'int', possible loss of data
C:\Program Files\Microsoft Visual Studio\2022\Community\VC\Tools\MSVC\14.36.32532\include\xutility(265,77): warning C4244: 'argument': conversion from 'int' to 'float', possible loss of data
C:\Program Files\Microsoft Visual Studio\2022\Community\VC\Tools\MSVC\14.36.32532\include\memory(2092,13): message : see reference to function template instantiation 'void std::_Construct_in_place<_Ty,int&,int&,sf::Color,sf::Color,int&>(_Ty &,int &,int &,sf::Color &&,sf::Color &&,int &) noexcept(false)' being compiled
          with
          [
              _Ty=CShape
          ]
C:\Program Files\Microsoft Visual Studio\2022\Community\VC\Tools\MSVC\14.36.32532\include\memory(2765,46): message : see reference to function template instantiation 'std::_Ref_count_obj2<CShape>::_Ref_count_obj2<int&,int&,_Ty,_Ty,int&>(int &,int &,_Ty &&,_Ty &&,int &)' being compiled
          with
          [
              _Ty=sf::Color
          ]
A:\Visual Studio projects\Game Programming Assignment 2\Game Programming Assignment 2\Game.cpp(500,24): message : see reference to function template instantiation 'std::shared_ptr<CShape> std::make_shared<CShape,int&,int&,sf::Color,sf::Color,int&>(int &,int &,sf::Color &&,sf::Color &&,int &)' being compiled
C:\Program Files\Microsoft Visual Studio\2022\Community\VC\Tools\MSVC\14.36.32532\include\xutility(265,77): warning C4244: 'argument': conversion from '_Ty' to 'float', possible loss of data
          with
          [
              _Ty=int
          ]
C:\Program Files\Microsoft Visual Studio\2022\Community\VC\Tools\MSVC\14.36.32532\include\memory(2092,13): message : see reference to function template instantiation 'void std::_Construct_in_place<_Ty,Vec2&,Vec2,int>(_Ty &,Vec2 &,Vec2 &&,int &&) noexcept(false)' being compiled
          with
          [
              _Ty=CTransform
          ]
C:\Program Files\Microsoft Visual Studio\2022\Community\VC\Tools\MSVC\14.36.32532\include\memory(2765,46): message : see reference to function template instantiation 'std::_Ref_count_obj2<CTransform>::_Ref_count_obj2<Vec2&,_Ty,int>(Vec2 &,_Ty &&,int &&)' being compiled
          with
          [
              _Ty=Vec2
          ]
A:\Visual Studio projects\Game Programming Assignment 2\Game Programming Assignment 2\Game.cpp(559,32): message : see reference to function template instantiation 'std::shared_ptr<CTransform> std::make_shared<CTransform,Vec2&,Vec2,int>(Vec2 &,Vec2 &&,int &&)' being compiled
  Game Programming Assignment 2.vcxproj -> A:\Visual Studio projects\Game Programming Assignment 2\x64\Debug\Game Programming Assignment 2.exe
